[debug] [2025-03-03T13:40:36.659Z] ----------------------------------------------------------------------
[debug] [2025-03-03T13:40:36.663Z] Command:       C:\Program Files\nodejs\node.exe C:\Users\Manikanth\AppData\Roaming\npm\node_modules\firebase-tools\lib\bin\firebase.js init
[debug] [2025-03-03T13:40:36.664Z] CLI Version:   13.32.0
[debug] [2025-03-03T13:40:36.664Z] Platform:      win32
[debug] [2025-03-03T13:40:36.664Z] Node Version:  v22.12.0
[debug] [2025-03-03T13:40:36.665Z] Time:          Mon Mar 03 2025 19:10:36 GMT+0530 (India Standard Time)
[debug] [2025-03-03T13:40:36.665Z] ----------------------------------------------------------------------
[debug] 
[debug] [2025-03-03T13:40:37.062Z] > command requires scopes: ["email","openid","https://www.googleapis.com/auth/cloudplatformprojects.readonly","https://www.googleapis.com/auth/firebase","https://www.googleapis.com/auth/cloud-platform"]
[debug] [2025-03-03T13:40:37.063Z] > authorizing via signed-in user (ts.manikanth@gmail.com)
[info] 
     ######## #### ########  ######## ########     ###     ######  ########
     ##        ##  ##     ## ##       ##     ##  ##   ##  ##       ##
     ######    ##  ########  ######   ########  #########  ######  ######
     ##        ##  ##    ##  ##       ##     ## ##     ##       ## ##
     ##       #### ##     ## ######## ########  ##     ##  ######  ########

You're about to initialize a Firebase project in this directory:

  C:\Users\Manikanth\Desktop\Cart\FrontEnd

Before we get started, keep in mind:

  * You are initializing within an existing Firebase project directory

